<?xml version="1.0" encoding="UTF-8"?>
<testsuite xmlns:xsi="http://www.w3.org/2001/XMLSchema-instance" xsi:noNamespaceSchemaLocation="https://maven.apache.org/surefire/maven-surefire-plugin/xsd/surefire-test-report-3.0.xsd" version="3.0" name="com.mycompany.myapp.config.StaticResourcesWebConfigurerTest" time="1.089" tests="4" errors="0" skipped="0" failures="0">
  <properties>
[...]
</properties>
  <testcase name="shouldInitializeResourceHandlerWithCacheControlAndLocations" classname="com.mycompany.myapp.config.StaticResourcesWebConfigurerTest" time="0.988"/>
  <testcase name="shoudCreateCacheControlBasedOnJhipsterDefaultProperties" classname="com.mycompany.myapp.config.StaticResourcesWebConfigurerTest" time="0.09"/>
  <testcase name="shoudCreateCacheControlWithSpecificConfigurationInProperties" classname="com.mycompany.myapp.config.StaticResourcesWebConfigurerTest" time="0.002"/>
  <testcase name="shouldAppendResourceHandlerAndInitiliazeIt" classname="com.mycompany.myapp.config.StaticResourcesWebConfigurerTest" time="0.006"/>
</testsuite>